14:57:11.015 HTTP listening on *:80
14:57:11.015 Matchmaker listening on *:8888
14:57:29.832 Message TYPE: connect
14:57:29.833 Adding connection for 124 with playerConnected: false
14:57:59.827 Message TYPE: ping
14:58:29.826 Message TYPE: ping
14:58:59.827 Message TYPE: ping
14:59:29.826 Message TYPE: ping
14:59:59.827 Message TYPE: ping
15:00:29.826 Message TYPE: ping
15:00:59.827 Message TYPE: ping
15:01:29.827 Message TYPE: ping
15:01:59.828 Message TYPE: ping
15:02:29.828 Message TYPE: ping
15:02:59.828 Message TYPE: ping
15:03:29.828 Message TYPE: ping
15:03:59.829 Message TYPE: ping
15:04:29.829 Message TYPE: ping
15:04:59.829 Message TYPE: ping
15:05:29.829 Message TYPE: ping
15:05:59.829 Message TYPE: ping
15:06:29.830 Message TYPE: ping
15:06:59.830 Message TYPE: ping
15:07:29.829 Message TYPE: ping
15:07:59.830 Message TYPE: ping
15:08:29.830 Message TYPE: ping
15:08:59.831 Message TYPE: ping
15:09:29.830 Message TYPE: ping
15:09:59.831 Message TYPE: ping
15:10:29.832 Message TYPE: ping
15:10:59.832 Message TYPE: ping
15:11:29.833 Message TYPE: ping
15:11:59.834 Message TYPE: ping
15:12:29.833 Message TYPE: ping
15:12:59.833 Message TYPE: ping
15:13:29.833 Message TYPE: ping
15:13:59.832 Message TYPE: ping
15:14:29.832 Message TYPE: ping
15:14:59.832 Message TYPE: ping
15:15:29.832 Message TYPE: ping
15:15:59.833 Message TYPE: ping
15:16:29.834 Message TYPE: ping
15:16:59.834 Message TYPE: ping
15:17:29.835 Message TYPE: ping
15:17:59.835 Message TYPE: ping
15:18:30.365 Message TYPE: ping
